
Gurobi 9.0.2 (win64) logging started Sat Oct 10 16:35:50 2020

Changed value of parameter logfile to result\v6.2-20201010T1221\scenario_2030_eff080_cab3000.log
   Prev:   Default: 
Gurobi Optimizer version 9.0.2 build v9.0.2rc0 (win64)
Optimize a model with 1384150 rows, 884815 columns and 3912197 nonzeros
Model fingerprint: 0x759cfee2
Coefficient statistics:
  Matrix range     [1e-07, 3e+05]
  Objective range  [1e+00, 1e+00]
  Bounds range     [0e+00, 0e+00]
  RHS range        [2e-05, 3e+08]
Warning: Model contains large matrix coefficient range
         Consider reformulating model or setting NumericFocus parameter
         to avoid numerical issues.

Concurrent LP optimizer: primal simplex, dual simplex, and barrier
Showing barrier log only...

Presolve removed 1129315 rows and 656241 columns
Presolve time: 3.46s
Presolved: 254835 rows, 342440 columns, 891938 nonzeros

Ordering time: 0.13s

Barrier statistics:
 Dense cols : 9
 AA' NZ     : 8.194e+05
 Factor NZ  : 4.461e+06 (roughly 300 MBytes of memory)
 Factor Ops : 1.125e+08 (less than 1 second per iteration)
 Threads    : 30

                  Objective                Residual
Iter       Primal          Dual         Primal    Dual     Compl     Time
   0  -1.99128526e+16 -1.58516114e+15  5.97e+06 1.56e+04  2.39e+12     4s
   1  -3.04706047e+15 -1.58902091e+15  9.05e+05 4.72e+06  7.82e+11     4s
   2  -1.24324739e+15 -1.31594912e+15  3.67e+05 8.62e+05  2.21e+11     5s
   3  -5.37622088e+14 -1.06589129e+15  1.55e+05 2.46e+05  8.60e+10     5s
   4  -1.23953951e+14 -6.84344383e+14  3.31e+04 6.88e+04  1.97e+10     5s
   5  -3.85002405e+13 -4.31551793e+14  1.00e+04 3.05e+04  7.76e+09     6s
   6  -1.79574405e+13 -2.77935802e+14  4.94e+03 1.26e+04  3.48e+09     6s
   7  -7.75045182e+12 -1.58481906e+14  2.28e+03 2.66e+03  1.14e+09     6s
   8  -1.85200312e+12 -8.35096872e+13  6.86e+02 4.39e+02  2.98e+08     6s
   9   5.87631733e+11 -1.71265357e+13  5.58e+00 5.94e+00  2.68e+07     7s
  10   2.70168431e+11 -1.69443723e+12  1.17e+00 2.94e-01  2.91e+06     7s
  11   1.29203111e+11 -8.66218499e+11  4.75e-01 7.18e-03  1.46e+06     7s
  12   7.17689724e+10 -4.32788563e+11  2.34e-01 7.45e-09  7.37e+05     8s
  13   5.18914040e+10 -2.46073899e+11  1.58e-01 5.59e-09  4.35e+05     8s
  14   2.59024040e+10 -9.27520521e+10  6.86e-02 7.45e-09  1.73e+05     8s
  15   1.74448240e+10 -4.36273521e+10  3.91e-02 7.45e-09  8.92e+04     8s
  16   1.76801106e+10 -3.11118556e+10  3.82e-02 7.45e-09  7.14e+04     9s
  17   1.19680955e+10 -1.26441743e+10  1.84e-02 7.45e-09  3.60e+04     9s
  18   8.52938723e+09 -3.16427429e+09  5.68e-03 7.45e-09  1.70e+04     9s
  19   7.88079848e+09  4.08689685e+09  3.42e-03 7.45e-09  5.55e+03    10s
  20   7.57882188e+09  4.74408228e+09  2.56e-03 5.59e-09  4.14e+03    10s
  21   7.49747100e+09  4.88630712e+09  2.32e-03 7.45e-09  3.81e+03    10s
  22   7.42109893e+09  5.27198018e+09  2.11e-03 5.59e-09  3.14e+03    10s
  23   7.40496653e+09  5.60888667e+09  2.06e-03 3.73e-09  2.63e+03    11s
  24   7.13014347e+09  6.01262412e+09  1.37e-03 3.73e-09  1.63e+03    11s
  25   6.93085354e+09  6.23099131e+09  8.02e-04 2.79e-09  1.02e+03    11s
  26   6.84783389e+09  6.33978837e+09  5.74e-04 2.79e-09  7.40e+02    12s
  27   6.75726462e+09  6.37469260e+09  3.22e-04 2.79e-09  5.56e+02    12s
  28   6.71253228e+09  6.46882911e+09  2.06e-04 1.86e-09  3.54e+02    12s
  29   6.68146336e+09  6.50844828e+09  1.28e-04 1.86e-09  2.51e+02    13s
  30   6.66768289e+09  6.54077985e+09  9.37e-05 1.86e-09  1.84e+02    13s
  31   6.65170178e+09  6.55204512e+09  5.46e-05 1.86e-09  1.44e+02    14s
  32   6.64134245e+09  6.56121059e+09  2.91e-05 1.86e-09  1.16e+02    14s
  33   6.63598391e+09  6.58865189e+09  1.62e-05 1.86e-09  6.85e+01    14s
  34   6.63135030e+09  6.60567612e+09  5.92e-06 1.86e-09  3.71e+01    15s
  35   6.62974046e+09  6.61186462e+09  2.72e-06 1.86e-09  2.58e+01    15s
  36   6.62928811e+09  6.61814013e+09  1.67e-06 1.86e-09  1.61e+01    15s
  37   6.62909005e+09  6.61840688e+09  1.38e-06 1.86e-09  1.54e+01    16s
  38   6.62874600e+09  6.62382993e+09  8.12e-07 1.86e-09  7.10e+00    16s
  39   6.62838390e+09  6.62620459e+09  2.85e-07 1.86e-09  3.15e+00    16s
  40   6.62825803e+09  6.62776735e+09  9.44e-08 2.79e-09  7.09e-01    16s
  41   6.62817505e+09  6.62801617e+09  4.94e-08 1.86e-09  2.29e-01    17s
  42   6.62816255e+09  6.62809527e+09  1.36e-07 1.86e-09  9.71e-02    17s
  43   6.62815817e+09  6.62813458e+09  8.03e-08 5.59e-09  3.41e-02    17s
  44   6.62815733e+09  6.62815674e+09  1.33e-09 2.79e-09  8.47e-04    17s
  45   6.62815731e+09  6.62815729e+09  2.59e-05 1.01e-06  2.66e-05    18s
  46   6.62815731e+09  6.62815729e+09  1.67e-03 1.00e-06  2.66e-05    18s

Barrier solved model in 46 iterations and 18.09 seconds
Optimal objective 6.62815731e+09

Crossover log...

   75144 DPushes remaining with DInf 0.0000000e+00                18s
    3067 DPushes remaining with DInf 0.0000000e+00                20s
       0 DPushes remaining with DInf 0.0000000e+00                22s
Warning: Markowitz tolerance tightened to 0.5

  109926 PPushes remaining with PInf 4.2150748e-03                22s
   59208 PPushes remaining with PInf 4.8613343e-02                35s
   43172 PPushes remaining with PInf 6.4469766e-02                43s
   27135 PPushes remaining with PInf 6.4392915e-02                45s
    5686 PPushes remaining with PInf 2.5416307e-01                78s
       0 PPushes remaining with PInf 0.0000000e+00                88s

  Push phase complete: Pinf 0.0000000e+00, Dinf 2.7568984e+04     88s

Iteration    Objective       Primal Inf.    Dual Inf.      Time
  135343    6.6281573e+09   0.000000e+00   2.756898e+04     88s
  135567    6.6281573e+09   0.000000e+00   0.000000e+00     91s

Solved with barrier
Solved in 135567 iterations and 91.00 seconds
Optimal objective  6.628157294e+09
Warning: unscaled primal violation = 0.000862822 and residual = 0.000862822
